<?xml version="1.0" encoding="utf-8" standalone="no"?>
<!--This file represents the results of running a test suite-->
<test-results name="C:\Users\Richard\Documents\Visual Studio 2012\Projects\arrancao2\arranco desde aca\IntitutoGobalVoices\Tests\bin\Debug\Tests.dll" total="15" errors="0" failures="0" not-run="0" inconclusive="0" ignored="0" skipped="0" invalid="0" date="2016-07-02" time="19:33:08">
  <environment nunit-version="2.6.4.14350" clr-version="2.0.50727.5485" os-version="Microsoft Windows NT 6.1.7601 Service Pack 1" platform="Win32NT" cwd="C:\Program Files (x86)\NUnit 2.6.4\bin" machine-name="RICHARD-PC" user="Richard" user-domain="Richard-PC" />
  <culture-info current-culture="es-ES" current-uiculture="es-ES" />
  <test-suite type="Assembly" name="C:\Users\Richard\Documents\Visual Studio 2012\Projects\arrancao2\arranco desde aca\IntitutoGobalVoices\Tests\bin\Debug\Tests.dll" executed="True" result="Success" success="True" time="15.979" asserts="0">
    <results>
      <test-suite type="Namespace" name="Tests" executed="True" result="Success" success="True" time="15.931" asserts="0">
        <results>
          <test-suite type="TestFixture" name="TestsEstudianteController" executed="True" result="Success" success="True" time="15.692" asserts="0">
            <results>
              <test-case name="Tests.TestsEstudianteController.TestMetodoCrear" executed="True" result="Success" success="True" time="15.323" asserts="0" />
              <test-case name="Tests.TestsEstudianteController.TestMetodoDetalle" executed="True" result="Success" success="True" time="0.125" asserts="0" />
              <test-case name="Tests.TestsEstudianteController.TestMetodoEditar" executed="True" result="Success" success="True" time="0.006" asserts="0" />
              <test-case name="Tests.TestsEstudianteController.TestMetodoEliminar" executed="True" result="Success" success="True" time="0.061" asserts="0" />
              <test-case name="Tests.TestsEstudianteController.TestMetodoGuardar" executed="True" result="Success" success="True" time="0.094" asserts="0" />
              <test-case name="Tests.TestsEstudianteController.TestMetodoListar" executed="True" result="Success" success="True" time="0.016" asserts="0" />
            </results>
          </test-suite>
          <test-suite type="TestFixture" name="TestsMatriculaController" executed="True" result="Success" success="True" time="0.234" asserts="0">
            <results>
              <test-case name="Tests.TestsMatriculaController.TestMetodoCargarCombos" executed="True" result="Success" success="True" time="0.059" asserts="0" />
              <test-case name="Tests.TestsMatriculaController.TestMetodoCrear" executed="True" result="Success" success="True" time="0.006" asserts="0" />
              <test-case name="Tests.TestsMatriculaController.TestMetodoDetalle" executed="True" result="Success" success="True" time="0.016" asserts="0" />
              <test-case name="Tests.TestsMatriculaController.TestMetodoEditar" executed="True" result="Success" success="True" time="0.016" asserts="0" />
              <test-case name="Tests.TestsMatriculaController.TestMetodoEditarMatricula" executed="True" result="Success" success="True" time="0.009" asserts="0" />
              <test-case name="Tests.TestsMatriculaController.TestMetodoGuardarEditar" executed="True" result="Success" success="True" time="0.017" asserts="0" />
              <test-case name="Tests.TestsMatriculaController.TestMetodoListar" executed="True" result="Success" success="True" time="0.009" asserts="0" />
              <test-case name="Tests.TestsMatriculaController.TestMetodoRegistrarMatriculaEstudianteExiste" executed="True" result="Success" success="True" time="0.012" asserts="0" />
              <test-case name="Tests.TestsMatriculaController.TestMetodoRegistrarNuevoEstudiante" executed="True" result="Success" success="True" time="0.011" asserts="0" />
            </results>
          </test-suite>
        </results>
      </test-suite>
    </results>
  </test-suite>
</test-results>